This is pdfTeX, Version 3.14159265-2.6-1.40.20 (TeX Live 2019) (preloaded format=pdflatex 2019.11.9)  11 APR 2021 15:58
entering extended mode
 restricted \write18 enabled.
 file:line:error style messages enabled.
 %&-line parsing enabled.
**Freq_CogSci.tex
(./Freq_CogSci.tex
LaTeX2e <2018-12-01>

! LaTeX Error: File `krantz.cls' not found.

Type X to quit or <RETURN> to proceed,
or enter new name. (Default extension: cls)

Enter file name: 
./Freq_CogSci.tex:6: Emergency stop.
<read *> 
         
l.6 \usepackage
               {lmodern}^^M
End of file on the terminal!

 
Here is how much of TeX's memory you used:
 13 strings out of 492616
 237 string characters out of 6129481
 57208 words of memory out of 5000000
 4031 multiletter control sequences out of 15000+600000
 3640 words of font info for 14 fonts, out of 8000000 for 9000
 1141 hyphenation exceptions out of 8191
 10i,0n,8p,120b,8s stack positions out of 5000i,500n,10000p,200000b,80000s
./Freq_CogSci.tex:6:  ==> Fatal error occurred, no output PDF file produced!
